d:\it\simple_and_fast_sound_synthesizer\simple_and_fast_sound_synthesizer\synth\synth\x64\debug\vc120.pdb
d:\it\simple_and_fast_sound_synthesizer\simple_and_fast_sound_synthesizer\synth\synth\x64\debug\vc120.idb
d:\it\simple_and_fast_sound_synthesizer\simple_and_fast_sound_synthesizer\synth\synth\x64\debug\filewvin.obj
d:\it\simple_and_fast_sound_synthesizer\simple_and_fast_sound_synthesizer\synth\synth\x64\debug\filewvout.obj
d:\it\simple_and_fast_sound_synthesizer\simple_and_fast_sound_synthesizer\synth\synth\x64\debug\jcrev.obj
d:\it\simple_and_fast_sound_synthesizer\simple_and_fast_sound_synthesizer\synth\synth\x64\debug\messager.obj
d:\it\simple_and_fast_sound_synthesizer\simple_and_fast_sound_synthesizer\synth\synth\x64\debug\mutex.obj
d:\it\simple_and_fast_sound_synthesizer\simple_and_fast_sound_synthesizer\synth\synth\x64\debug\noise.obj
d:\it\simple_and_fast_sound_synthesizer\simple_and_fast_sound_synthesizer\synth\synth\x64\debug\onepole.obj
d:\it\simple_and_fast_sound_synthesizer\simple_and_fast_sound_synthesizer\synth\synth\x64\debug\onezero.obj
d:\it\simple_and_fast_sound_synthesizer\simple_and_fast_sound_synthesizer\synth\synth\x64\debug\rtaudio.obj
d:\it\simple_and_fast_sound_synthesizer\simple_and_fast_sound_synthesizer\synth\synth\x64\debug\rtwvin.obj
d:\it\simple_and_fast_sound_synthesizer\simple_and_fast_sound_synthesizer\synth\synth\x64\debug\rtwvout.obj
d:\it\simple_and_fast_sound_synthesizer\simple_and_fast_sound_synthesizer\synth\synth\x64\debug\sinewave.obj
d:\it\simple_and_fast_sound_synthesizer\simple_and_fast_sound_synthesizer\synth\synth\x64\debug\skini.obj
d:\it\simple_and_fast_sound_synthesizer\simple_and_fast_sound_synthesizer\synth\synth\x64\debug\socket.obj
d:\it\simple_and_fast_sound_synthesizer\simple_and_fast_sound_synthesizer\synth\synth\x64\debug\stk.obj
d:\it\simple_and_fast_sound_synthesizer\simple_and_fast_sound_synthesizer\synth\synth\x64\debug\tcpserver.obj
d:\it\simple_and_fast_sound_synthesizer\simple_and_fast_sound_synthesizer\synth\synth\x64\debug\thread.obj
d:\it\simple_and_fast_sound_synthesizer\simple_and_fast_sound_synthesizer\synth\synth\x64\debug\voicer.obj
d:\it\simple_and_fast_sound_synthesizer\simple_and_fast_sound_synthesizer\synth\synth\x64\debug\main.obj
d:\it\simple_and_fast_sound_synthesizer\simple_and_fast_sound_synthesizer\synth\synth\x64\debug\synth.obj
d:\it\simple_and_fast_sound_synthesizer\simple_and_fast_sound_synthesizer\synth\synth\x64\debug\waves.obj
d:\it\simple_and_fast_sound_synthesizer\simple_and_fast_sound_synthesizer\synth\synth\x64\debug\rtmidi.obj
d:\it\simple_and_fast_sound_synthesizer\simple_and_fast_sound_synthesizer\synth\synth\x64\debug\adsr.obj
d:\it\simple_and_fast_sound_synthesizer\simple_and_fast_sound_synthesizer\synth\synth\x64\debug\biquad.obj
d:\it\simple_and_fast_sound_synthesizer\simple_and_fast_sound_synthesizer\synth\synth\x64\debug\blitsaw.obj
d:\it\simple_and_fast_sound_synthesizer\simple_and_fast_sound_synthesizer\synth\synth\x64\debug\blitsquare.obj
d:\it\simple_and_fast_sound_synthesizer\simple_and_fast_sound_synthesizer\synth\synth\x64\debug\chorus.obj
d:\it\simple_and_fast_sound_synthesizer\simple_and_fast_sound_synthesizer\synth\synth\x64\debug\clarinet.obj
d:\it\simple_and_fast_sound_synthesizer\simple_and_fast_sound_synthesizer\synth\synth\x64\debug\delay.obj
d:\it\simple_and_fast_sound_synthesizer\simple_and_fast_sound_synthesizer\synth\synth\x64\debug\delayl.obj
d:\it\simple_and_fast_sound_synthesizer\simple_and_fast_sound_synthesizer\synth\synth\x64\debug\echo.obj
d:\it\simple_and_fast_sound_synthesizer\simple_and_fast_sound_synthesizer\synth\synth\x64\debug\envelope.obj
d:\it\simple_and_fast_sound_synthesizer\simple_and_fast_sound_synthesizer\synth\synth\x64\debug\fileread.obj
d:\it\simple_and_fast_sound_synthesizer\simple_and_fast_sound_synthesizer\synth\synth\x64\debug\filewrite.obj
d:\it\simple_and_fast_sound_synthesizer\simple_and_fast_sound_synthesizer\synth\synth\x64\debug\vc141.pdb
d:\it\simple_and_fast_sound_synthesizer\simple_and_fast_sound_synthesizer\synth\synth\x64\debug\vc141.idb
d:\it\simple_and_fast_sound_synthesizer\simple_and_fast_sound_synthesizer\synth\x64\debug\synth.ilk
d:\it\simple_and_fast_sound_synthesizer\simple_and_fast_sound_synthesizer\synth\x64\debug\synth.exe
d:\it\simple_and_fast_sound_synthesizer\simple_and_fast_sound_synthesizer\synth\x64\debug\synth.pdb
d:\it\simple_and_fast_sound_synthesizer\simple_and_fast_sound_synthesizer\synth\synth\x64\debug\synth.tlog\cl.command.1.tlog
d:\it\simple_and_fast_sound_synthesizer\simple_and_fast_sound_synthesizer\synth\synth\x64\debug\synth.tlog\cl.read.1.tlog
d:\it\simple_and_fast_sound_synthesizer\simple_and_fast_sound_synthesizer\synth\synth\x64\debug\synth.tlog\cl.write.1.tlog
d:\it\simple_and_fast_sound_synthesizer\simple_and_fast_sound_synthesizer\synth\synth\x64\debug\synth.tlog\link.command.1.tlog
d:\it\simple_and_fast_sound_synthesizer\simple_and_fast_sound_synthesizer\synth\synth\x64\debug\synth.tlog\link.delete.1.tlog
d:\it\simple_and_fast_sound_synthesizer\simple_and_fast_sound_synthesizer\synth\synth\x64\debug\synth.tlog\link.read.1.tlog
d:\it\simple_and_fast_sound_synthesizer\simple_and_fast_sound_synthesizer\synth\synth\x64\debug\synth.tlog\link.write.1.tlog
